<?xml version="1.0" encoding="UTF-8"?>
<!-- Generated by org.testng.reporters.JUnitReportReporter -->
<testsuite skipped="0" hostname="Nav12" name="pom.abentra2_Testcases.SignUp_into_Abnetra" tests="1" failures="0" timestamp="30 Jan 2018 12:47:31 GMT" time="100.052" errors="0">
  <testcase name="SignupComp" time="100.052" classname="pom.abentra2_Testcases.SignUp_into_Abnetra"/>
</testsuite> <!-- pom.abentra2_Testcases.SignUp_into_Abnetra -->
