<?xml version="1.0" encoding="UTF-8"?>
<!-- Generated by org.testng.reporters.JUnitReportReporter -->
<testsuite skipped="0" hostname="Nav12" name="pom.abentra2_Testcases.SocialLogin_to_Abentra" tests="1" failures="0" timestamp="29 Jan 2018 11:40:50 GMT" time="87.772" errors="0">
  <testcase name="loginThroughFacebook" time="87.772" classname="pom.abentra2_Testcases.SocialLogin_to_Abentra"/>
</testsuite> <!-- pom.abentra2_Testcases.SocialLogin_to_Abentra -->
